<?xml version="1.0" encoding="UTF-8"?>
<!-- Generated by org.testng.reporters.JUnitReportReporter -->
<testsuite hostname="human-PC" name="testcase.Test0329hhh" tests="1" failures="0" timestamp="29 Mar 2016 09:05:04 GMT" time="0.011" errors="0">
  <testcase name="f" time="0.011" classname="testcase.Test0329hhh"/>
</testsuite> <!-- testcase.Test0329hhh -->
